<?xml version="1.0" encoding="UTF-8"?>
<!-- Generated by org.testng.reporters.JUnitReportReporter -->
<testsuite hostname="DESKTOP-35HBDVU" failures="0" tests="2" name="com.app.testone.EmpGson_Test" time="0.081" errors="0" timestamp="17 Oct 2024 01:36:16 GMT" skipped="0">
  <testcase classname="com.app.testone.EmpGson_Test" name="getSerializationTest" time="0.011"/>
  <testcase classname="com.app.testone.EmpGson_Test" name="getDetailsfromJson" time="0.070"/>
</testsuite> <!-- com.app.testone.EmpGson_Test -->
